# JRE version: Java(TM) SE Runtime Environment (8.0_111-b14) (build 1.8.0_111-b14)
# Java VM: Java HotSpot(TM) 64-Bit Server VM (25.111-b14 mixed mode windows-amd64 compressed oops)
Heap:
 PSYoungGen      total 140288K, used 25950K [0x0000000780980000, 0x000000078fe80000, 0x00000007c0000000)
  eden space 36864K, 51% used [0x0000000780980000,0x0000000781c2de30,0x0000000782d80000)
  from space 103424K, 6% used [0x0000000789980000,0x000000078a029b28,0x000000078fe80000)
  to   space 107008K, 0% used [0x0000000782d80000,0x0000000782d80000,0x0000000789600000)
 ParOldGen       total 236032K, used 235031K [0x0000000701c00000, 0x0000000710280000, 0x0000000780980000)
  object space 236032K, 99% used [0x0000000701c00000,0x0000000710185cb0,0x0000000710280000)
 Metaspace       used 31049K, capacity 33084K, committed 33408K, reserved 1079296K
  class space    used 4026K, capacity 4366K, committed 4480K, reserved 1048576K
GC Heap History (10 events):
Event: 493.891 GC heap before
{Heap before GC invocations=18 (full 3):
 PSYoungGen      total 132608K, used 63234K [0x0000000780980000, 0x0000000790180000, 0x00000007c0000000)
  eden space 16384K, 100% used [0x0000000780980000,0x0000000781980000,0x0000000781980000)
  from space 116224K, 40% used [0x0000000789000000,0x000000078bdc0b50,0x0000000790180000)
  to   space 118784K, 0% used [0x0000000781980000,0x0000000781980000,0x0000000788d80000)
 ParOldGen       total 236032K, used 151090K [0x0000000701c00000, 0x0000000710280000, 0x0000000780980000)
  object space 236032K, 64% used [0x0000000701c00000,0x000000070af8c938,0x0000000710280000)
 Metaspace       used 30826K, capacity 32752K, committed 32896K, reserved 1077248K
  class space    used 4026K, capacity 4366K, committed 4480K, reserved 1048576K
Event: 493.905 GC heap after
Heap after GC invocations=18 (full 3):
 PSYoungGen      total 135168K, used 32998K [0x0000000780980000, 0x0000000790580000, 0x00000007c0000000)
  eden space 16384K, 0% used [0x0000000780980000,0x0000000780980000,0x0000000781980000)
  from space 118784K, 27% used [0x0000000781980000,0x00000007839b9b88,0x0000000788d80000)
  to   space 115712K, 0% used [0x0000000789480000,0x0000000789480000,0x0000000790580000)
 ParOldGen       total 236032K, used 176580K [0x0000000701c00000, 0x0000000710280000, 0x0000000780980000)
  object space 236032K, 74% used [0x0000000701c00000,0x000000070c871118,0x0000000710280000)
 Metaspace       used 30826K, capacity 32752K, committed 32896K, reserved 1077248K
  class space    used 4026K, capacity 4366K, committed 4480K, reserved 1048576K
}
Event: 523.382 GC heap before
{Heap before GC invocations=19 (full 3):
 PSYoungGen      total 135168K, used 48732K [0x0000000780980000, 0x0000000790580000, 0x00000007c0000000)
  eden space 16384K, 96% used [0x0000000780980000,0x00000007818dd740,0x0000000781980000)
  from space 118784K, 27% used [0x0000000781980000,0x00000007839b9b88,0x0000000788d80000)
  to   space 115712K, 0% used [0x0000000789480000,0x0000000789480000,0x0000000790580000)
 ParOldGen       total 236032K, used 176580K [0x0000000701c00000, 0x0000000710280000, 0x0000000780980000)
  object space 236032K, 74% used [0x0000000701c00000,0x000000070c871118,0x0000000710280000)
 Metaspace       used 30872K, capacity 32816K, committed 33152K, reserved 1077248K
  class space    used 4026K, capacity 4366K, committed 4480K, reserved 1048576K
Event: 523.392 GC heap after
Heap after GC invocations=19 (full 3):
 PSYoungGen      total 139264K, used 23282K [0x0000000780980000, 0x0000000790280000, 0x00000007c0000000)
  eden space 26624K, 0% used [0x0000000780980000,0x0000000780980000,0x0000000782380000)
  from space 112640K, 20% used [0x0000000789480000,0x000000078ab3ca10,0x0000000790280000)
  to   space 114176K, 0% used [0x0000000782380000,0x0000000782380000,0x0000000789300000)
 ParOldGen       total 236032K, used 194737K [0x0000000701c00000, 0x0000000710280000, 0x0000000780980000)
  object space 236032K, 82% used [0x0000000701c00000,0x000000070da2c4b8,0x0000000710280000)
 Metaspace       used 30872K, capacity 32816K, committed 33152K, reserved 1077248K
  class space    used 4026K, capacity 4366K, committed 4480K, reserved 1048576K
}
Event: 553.660 GC heap before
{Heap before GC invocations=20 (full 3):
 PSYoungGen      total 139264K, used 49906K [0x0000000780980000, 0x0000000790280000, 0x00000007c0000000)
  eden space 26624K, 100% used [0x0000000780980000,0x0000000782380000,0x0000000782380000)
  from space 112640K, 20% used [0x0000000789480000,0x000000078ab3ca10,0x0000000790280000)
  to   space 114176K, 0% used [0x0000000782380000,0x0000000782380000,0x0000000789300000)
 ParOldGen       total 236032K, used 194737K [0x0000000701c00000, 0x0000000710280000, 0x0000000780980000)
  object space 236032K, 82% used [0x0000000701c00000,0x000000070da2c4b8,0x0000000710280000)
 Metaspace       used 30916K, capacity 32948K, committed 33152K, reserved 1077248K
  class space    used 4026K, capacity 4366K, committed 4480K, reserved 1048576K
Event: 553.666 GC heap after
Heap after GC invocations=20 (full 3):
 PSYoungGen      total 140800K, used 32956K [0x0000000780980000, 0x0000000790500000, 0x00000007c0000000)
  eden space 26624K, 0% used [0x0000000780980000,0x0000000780980000,0x0000000782380000)
  from space 114176K, 28% used [0x0000000782380000,0x00000007843af080,0x0000000789300000)
  to   space 110080K, 0% used [0x0000000789980000,0x0000000789980000,0x0000000790500000)
 ParOldGen       total 236032K, used 198016K [0x0000000701c00000, 0x0000000710280000, 0x0000000780980000)
  object space 236032K, 83% used [0x0000000701c00000,0x000000070dd603f0,0x0000000710280000)
 Metaspace       used 30916K, capacity 32948K, committed 33152K, reserved 1077248K
  class space    used 4026K, capacity 4366K, committed 4480K, reserved 1048576K
}
Event: 613.555 GC heap before
{Heap before GC invocations=21 (full 3):
 PSYoungGen      total 140800K, used 59401K [0x0000000780980000, 0x0000000790500000, 0x00000007c0000000)
  eden space 26624K, 99% used [0x0000000780980000,0x0000000782353720,0x0000000782380000)
  from space 114176K, 28% used [0x0000000782380000,0x00000007843af080,0x0000000789300000)
  to   space 110080K, 0% used [0x0000000789980000,0x0000000789980000,0x0000000790500000)
 ParOldGen       total 236032K, used 198016K [0x0000000701c00000, 0x0000000710280000, 0x0000000780980000)
  object space 236032K, 83% used [0x0000000701c00000,0x000000070dd603f0,0x0000000710280000)
 Metaspace       used 31000K, capacity 33020K, committed 33152K, reserved 1077248K
  class space    used 4026K, capacity 4366K, committed 4480K, reserved 1048576K
Event: 613.564 GC heap after
Heap after GC invocations=21 (full 3):
 PSYoungGen      total 140288K, used 26404K [0x0000000780980000, 0x000000078fe80000, 0x00000007c0000000)
  eden space 36864K, 0% used [0x0000000780980000,0x0000000780980000,0x0000000782d80000)
  from space 103424K, 25% used [0x0000000789980000,0x000000078b349030,0x000000078fe80000)
  to   space 107008K, 0% used [0x0000000782d80000,0x0000000782d80000,0x0000000789600000)
 ParOldGen       total 236032K, used 216213K [0x0000000701c00000, 0x0000000710280000, 0x0000000780980000)
  object space 236032K, 91% used [0x0000000701c00000,0x000000070ef255a0,0x0000000710280000)
 Metaspace       used 31000K, capacity 33020K, committed 33152K, reserved 1077248K
  class space    used 4026K, capacity 4366K, committed 4480K, reserved 1048576K
}
Event: 613.564 GC heap before
{Heap before GC invocations=22 (full 4):
 PSYoungGen      total 140288K, used 26404K [0x0000000780980000, 0x000000078fe80000, 0x00000007c0000000)
  eden space 36864K, 0% used [0x0000000780980000,0x0000000780980000,0x0000000782d80000)
  from space 103424K, 25% used [0x0000000789980000,0x000000078b349030,0x000000078fe80000)
  to   space 107008K, 0% used [0x0000000782d80000,0x0000000782d80000,0x0000000789600000)
 ParOldGen       total 236032K, used 216213K [0x0000000701c00000, 0x0000000710280000, 0x0000000780980000)
  object space 236032K, 91% used [0x0000000701c00000,0x000000070ef255a0,0x0000000710280000)
 Metaspace       used 31000K, capacity 33020K, committed 33152K, reserved 1077248K
  class space    used 4026K, capacity 4366K, committed 4480K, reserved 1048576K
Event: 613.850 GC heap after
Heap after GC invocations=22 (full 4):
 PSYoungGen      total 140288K, used 6822K [0x0000000780980000, 0x000000078fe80000, 0x00000007c0000000)
  eden space 36864K, 0% used [0x0000000780980000,0x0000000780980000,0x0000000782d80000)
  from space 103424K, 6% used [0x0000000789980000,0x000000078a029b28,0x000000078fe80000)
  to   space 107008K, 0% used [0x0000000782d80000,0x0000000782d80000,0x0000000789600000)
 ParOldGen       total 236032K, used 235031K [0x0000000701c00000, 0x0000000710280000, 0x0000000780980000)
  object space 236032K, 99% used [0x0000000701c00000,0x0000000710185cb0,0x0000000710280000)
 Metaspace       used 31000K, capacity 33020K, committed 33152K, reserved 1077248K
  class space    used 4026K, capacity 4366K, committed 4480K, reserved 1048576K
}

